CRITICAL - 2022-02-26 09:04:40 --> Class "App\Models\UsuarioModel" not found
#0 C:\proyectos\academia\backend\system\Validation\Validation.php(292): App\Validation\UserRules->validateUser('12345678', 'username, passw...', Array, NULL)
#1 C:\proyectos\academia\backend\system\Validation\Validation.php(157): CodeIgniter\Validation\Validation->processRules('password', 'password', '12345678', Array, Array)
#2 C:\proyectos\academia\backend\app\Controllers\BaseController.php(97): CodeIgniter\Validation\Validation->run(Array)
#3 C:\proyectos\academia\backend\app\Controllers\API\LoginController.php(38): App\Controllers\BaseController->validateRequest(Array, Array, Array)
#4 C:\proyectos\academia\backend\system\CodeIgniter.php(825): App\Controllers\API\LoginController->login()
#5 C:\proyectos\academia\backend\system\CodeIgniter.php(412): CodeIgniter\CodeIgniter->runController(Object(App\Controllers\API\LoginController))
#6 C:\proyectos\academia\backend\system\CodeIgniter.php(320): CodeIgniter\CodeIgniter->handleRequest(NULL, Object(Config\Cache), false)
#7 C:\proyectos\academia\backend\public\index.php(37): CodeIgniter\CodeIgniter->run()
#8 {main}
ERROR - 2022-02-26 11:28:13 --> Unknown column 'usuario.username' in 'where clause'
ERROR - 2022-02-26 11:28:54 --> Unknown column 'usuario.username' in 'where clause'
ERROR - 2022-02-26 11:31:45 --> Unknown column 'usuario.username' in 'where clause'
ERROR - 2022-02-26 11:32:02 --> Unknown column 'usuario.username' in 'where clause'
ERROR - 2022-02-26 11:32:26 --> Unknown column 'usuario.username' in 'where clause'
ERROR - 2022-02-26 11:34:06 --> You have an error in your SQL syntax; check the manual that corresponds to your MySQL server version for the right syntax to use near '.`password`, `usuario`.`username`, `usuario`.`correo`, `usuario`.`status`, `p`.`' at line 1
ERROR - 2022-02-26 11:34:35 --> You have an error in your SQL syntax; check the manual that corresponds to your MySQL server version for the right syntax to use near '.`password`, `usuario`.`username`, `usuario`.`correo`, `usuario`.`status`, `p`.`' at line 1
ERROR - 2022-02-26 11:36:45 --> You have an error in your SQL syntax; check the manual that corresponds to your MySQL server version for the right syntax to use near '.`nombres`, `p`.`apellidos`, `p`.`identificacion`, `p`.`foto`, `td`.`codigo`, `t' at line 1
CRITICAL - 2022-02-26 11:38:18 --> Undefined array key "identificacion"
#0 C:\proyectos\academia\backend\app\Controllers\API\LoginController.php(47): CodeIgniter\Debug\Exceptions->errorHandler(2, 'Undefined array...', 'C:\\proyectos\\ac...', 47)
#1 C:\proyectos\academia\backend\system\CodeIgniter.php(825): App\Controllers\API\LoginController->login()
#2 C:\proyectos\academia\backend\system\CodeIgniter.php(412): CodeIgniter\CodeIgniter->runController(Object(App\Controllers\API\LoginController))
#3 C:\proyectos\academia\backend\system\CodeIgniter.php(320): CodeIgniter\CodeIgniter->handleRequest(NULL, Object(Config\Cache), false)
#4 C:\proyectos\academia\backend\public\index.php(37): CodeIgniter\CodeIgniter->run()
#5 {main}
CRITICAL - 2022-02-26 11:57:51 --> Too few arguments to function Firebase\JWT\JWT::encode(), 2 passed in C:\proyectos\academia\backend\app\Helpers\jwt_helper.php on line 57 and at least 3 expected
#0 C:\proyectos\academia\backend\app\Helpers\jwt_helper.php(57): Firebase\JWT\JWT::encode(Array, 'kzUf4sxss4AeG5u...')
#1 C:\proyectos\academia\backend\app\Controllers\API\LoginController.php(61): getSignedJWTForUser('admin')
#2 C:\proyectos\academia\backend\app\Controllers\API\LoginController.php(47): App\Controllers\API\LoginController->getJWTForUser('admin')
#3 C:\proyectos\academia\backend\system\CodeIgniter.php(825): App\Controllers\API\LoginController->login()
#4 C:\proyectos\academia\backend\system\CodeIgniter.php(412): CodeIgniter\CodeIgniter->runController(Object(App\Controllers\API\LoginController))
#5 C:\proyectos\academia\backend\system\CodeIgniter.php(320): CodeIgniter\CodeIgniter->handleRequest(NULL, Object(Config\Cache), false)
#6 C:\proyectos\academia\backend\public\index.php(37): CodeIgniter\CodeIgniter->run()
#7 {main}
CRITICAL - 2022-02-26 11:58:55 --> Too few arguments to function Firebase\JWT\JWT::encode(), 2 passed in C:\proyectos\academia\backend\app\Helpers\jwt_helper.php on line 57 and at least 3 expected
#0 C:\proyectos\academia\backend\app\Helpers\jwt_helper.php(57): Firebase\JWT\JWT::encode(Array, 'kzUf4sxss4AeG5u...')
#1 C:\proyectos\academia\backend\app\Controllers\API\LoginController.php(61): getSignedJWTForUser('admin')
#2 C:\proyectos\academia\backend\app\Controllers\API\LoginController.php(47): App\Controllers\API\LoginController->getJWTForUser('admin')
#3 C:\proyectos\academia\backend\system\CodeIgniter.php(825): App\Controllers\API\LoginController->login()
#4 C:\proyectos\academia\backend\system\CodeIgniter.php(412): CodeIgniter\CodeIgniter->runController(Object(App\Controllers\API\LoginController))
#5 C:\proyectos\academia\backend\system\CodeIgniter.php(320): CodeIgniter\CodeIgniter->handleRequest(NULL, Object(Config\Cache), false)
#6 C:\proyectos\academia\backend\public\index.php(37): CodeIgniter\CodeIgniter->run()
#7 {main}
