ERROR - 2022-05-24 09:13:03 --> Unknown column 'cursoNombre' in 'order clause'
ERROR - 2022-05-24 09:13:16 --> Unknown column 'cursoNombre' in 'order clause'
CRITICAL - 2022-05-24 12:12:30 --> Attempt to assign property "token" on null
#0 C:\proyectos\academia\backend\system\CodeIgniter.php(825): App\Controllers\API\EstudiantesController->actualizarCorreoFoto()
#1 C:\proyectos\academia\backend\system\CodeIgniter.php(412): CodeIgniter\CodeIgniter->runController(Object(App\Controllers\API\EstudiantesController))
#2 C:\proyectos\academia\backend\system\CodeIgniter.php(320): CodeIgniter\CodeIgniter->handleRequest(NULL, Object(Config\Cache), false)
#3 C:\proyectos\academia\backend\public\index.php(37): CodeIgniter\CodeIgniter->run()
#4 {main}
CRITICAL - 2022-05-24 12:13:25 --> Attempt to assign property "token" on array
#0 C:\proyectos\academia\backend\system\CodeIgniter.php(825): App\Controllers\API\EstudiantesController->actualizarCorreoFoto()
#1 C:\proyectos\academia\backend\system\CodeIgniter.php(412): CodeIgniter\CodeIgniter->runController(Object(App\Controllers\API\EstudiantesController))
#2 C:\proyectos\academia\backend\system\CodeIgniter.php(320): CodeIgniter\CodeIgniter->handleRequest(NULL, Object(Config\Cache), false)
#3 C:\proyectos\academia\backend\public\index.php(37): CodeIgniter\CodeIgniter->run()
#4 {main}
CRITICAL - 2022-05-24 12:13:42 --> Attempt to assign property "token" on array
#0 C:\proyectos\academia\backend\system\CodeIgniter.php(825): App\Controllers\API\EstudiantesController->actualizarCorreoFoto()
#1 C:\proyectos\academia\backend\system\CodeIgniter.php(412): CodeIgniter\CodeIgniter->runController(Object(App\Controllers\API\EstudiantesController))
#2 C:\proyectos\academia\backend\system\CodeIgniter.php(320): CodeIgniter\CodeIgniter->handleRequest(NULL, Object(Config\Cache), false)
#3 C:\proyectos\academia\backend\public\index.php(37): CodeIgniter\CodeIgniter->run()
#4 {main}
CRITICAL - 2022-05-24 12:24:29 --> setNull(): Argument #1 ($inputs) must be of type array, stdClass given, called in C:\proyectos\academia\backend\app\Controllers\API\EstudiantesController.php on line 274
#0 C:\proyectos\academia\backend\app\Controllers\API\EstudiantesController.php(274): setNull(Object(stdClass))
#1 C:\proyectos\academia\backend\system\CodeIgniter.php(825): App\Controllers\API\EstudiantesController->actualizarCorreoFoto()
#2 C:\proyectos\academia\backend\system\CodeIgniter.php(412): CodeIgniter\CodeIgniter->runController(Object(App\Controllers\API\EstudiantesController))
#3 C:\proyectos\academia\backend\system\CodeIgniter.php(320): CodeIgniter\CodeIgniter->handleRequest(NULL, Object(Config\Cache), false)
#4 C:\proyectos\academia\backend\public\index.php(37): CodeIgniter\CodeIgniter->run()
#5 {main}
